[0m17:09:49.213229 [debug] [MainThread]: Sending event: {'category': 'dbt', 'action': 'invocation', 'label': 'start', 'context': [<snowplow_tracker.self_describing_json.SelfDescribingJson object at 0x1037e70e0>, <snowplow_tracker.self_describing_json.SelfDescribingJson object at 0x105c13610>, <snowplow_tracker.self_describing_json.SelfDescribingJson object at 0x105c13750>]}


============================== 17:09:49.216441 | cc630282-1379-4051-8c6e-86f6817e9100 ==============================
[0m17:09:49.216441 [info ] [MainThread]: Running with dbt=1.11.2
[0m17:09:49.216764 [debug] [MainThread]: running dbt with arguments {'invocation_command': 'dbt init --skip-profile-setup airbnb', 'no_print': 'None', 'printer_width': '80', 'cache_selected_only': 'False', 'target_path': 'None', 'write_json': 'True', 'fail_fast': 'False', 'use_experimental_parser': 'False', 'introspect': 'True', 'profiles_dir': '/Users/hwickramaara/.dbt', 'partial_parse': 'True', 'use_colors': 'True', 'quiet': 'False', 'version_check': 'True', 'log_path': 'logs', 'warn_error_options': 'WarnErrorOptionsV2(error=[], warn=[], silence=[])', 'log_format': 'default', 'indirect_selection': 'eager', 'static_parser': 'True', 'send_anonymous_usage_stats': 'True', 'log_cache_events': 'False', 'warn_error': 'None', 'debug': 'False', 'empty': 'None'}
[0m17:09:49.255780 [info ] [MainThread]: Creating dbt configuration folder at /Users/hwickramaara/.dbt
[0m17:09:49.257878 [debug] [MainThread]: Starter project path: /Users/hwickramaara/Desktop/dbt/course/.venv/lib/python3.13/site-packages/dbt/include/starter_project
[0m17:09:49.263815 [info ] [MainThread]: 
Your new dbt project "airbnb" was created!

For more information on how to configure the profiles.yml file,
please consult the dbt documentation here:

  https://docs.getdbt.com/docs/configure-your-profile

One more thing:

Need help? Don't hesitate to reach out to us via GitHub issues or on Slack:

  https://community.getdbt.com/

Happy modeling!

[0m17:09:49.264254 [debug] [MainThread]: Resource report: {"command_name": "init", "command_success": true, "command_wall_clock_time": 0.11017437, "process_in_blocks": "0", "process_kernel_time": 0.17273, "process_mem_max_rss": "110919680", "process_out_blocks": "0", "process_user_time": 0.734261}
[0m17:09:49.264568 [debug] [MainThread]: Command `dbt init` succeeded at 17:09:49.264508 after 0.11 seconds
[0m17:09:49.264751 [debug] [MainThread]: Sending event: {'category': 'dbt', 'action': 'invocation', 'label': 'end', 'context': [<snowplow_tracker.self_describing_json.SelfDescribingJson object at 0x105e58180>, <snowplow_tracker.self_describing_json.SelfDescribingJson object at 0x105e53bf0>, <snowplow_tracker.self_describing_json.SelfDescribingJson object at 0x1059979b0>]}
[0m17:09:49.264944 [debug] [MainThread]: Flushing usage events
[0m17:09:50.334126 [debug] [MainThread]: An error was encountered while trying to flush usage events
[0m17:11:07.156012 [debug] [MainThread]: Sending event: {'category': 'dbt', 'action': 'invocation', 'label': 'start', 'context': [<snowplow_tracker.self_describing_json.SelfDescribingJson object at 0x1061db0e0>, <snowplow_tracker.self_describing_json.SelfDescribingJson object at 0x1077df4d0>, <snowplow_tracker.self_describing_json.SelfDescribingJson object at 0x1077df610>]}


============================== 17:11:07.159451 | 46939f20-18e7-46d3-afda-925f6ae60f6c ==============================
[0m17:11:07.159451 [info ] [MainThread]: Running with dbt=1.11.2
[0m17:11:07.159825 [debug] [MainThread]: running dbt with arguments {'indirect_selection': 'eager', 'partial_parse': 'True', 'target_path': 'None', 'introspect': 'True', 'quiet': 'False', 'send_anonymous_usage_stats': 'True', 'warn_error': 'None', 'use_experimental_parser': 'False', 'cache_selected_only': 'False', 'fail_fast': 'False', 'debug': 'False', 'log_format': 'default', 'static_parser': 'True', 'log_cache_events': 'False', 'profiles_dir': '/Users/hwickramaara/.dbt', 'warn_error_options': 'WarnErrorOptionsV2(error=[], warn=[], silence=[])', 'use_colors': 'True', 'empty': 'None', 'write_json': 'True', 'printer_width': '80', 'log_path': 'logs', 'version_check': 'True', 'no_print': 'None', 'invocation_command': 'dbt debug'}
[0m17:11:07.173804 [info ] [MainThread]: dbt version: 1.11.2
[0m17:11:07.174044 [info ] [MainThread]: python version: 3.13.12
[0m17:11:07.174170 [info ] [MainThread]: python path: /Users/hwickramaara/Desktop/dbt/course/.venv/bin/python
[0m17:11:07.174288 [info ] [MainThread]: os info: macOS-15.7.4-arm64-arm-64bit-Mach-O
[0m17:11:07.174417 [info ] [MainThread]: Using profiles dir at /Users/hwickramaara/.dbt
[0m17:11:07.174532 [info ] [MainThread]: Using profiles.yml file at /Users/hwickramaara/.dbt/profiles.yml
[0m17:11:07.174641 [info ] [MainThread]: Using dbt_project.yml file at /Users/hwickramaara/Desktop/dbt/course/dbt_project.yml
[0m17:11:07.174757 [info ] [MainThread]: Configuration:
[0m17:11:07.174864 [info ] [MainThread]:   profiles.yml file [[31mERROR not found[0m]
[0m17:11:07.174967 [info ] [MainThread]:   dbt_project.yml file [[31mERROR not found[0m]
[0m17:11:07.175131 [info ] [MainThread]: Required dependencies:
[0m17:11:07.175365 [debug] [MainThread]: Executing "git --help"
[0m17:11:07.193791 [debug] [MainThread]: STDOUT: "b"usage: git [-v | --version] [-h | --help] [-C <path>] [-c <name>=<value>]\n           [--exec-path[=<path>]] [--html-path] [--man-path] [--info-path]\n           [-p | --paginate | -P | --no-pager] [--no-replace-objects] [--bare]\n           [--git-dir=<path>] [--work-tree=<path>] [--namespace=<name>]\n           [--config-env=<name>=<envvar>] <command> [<args>]\n\nThese are common Git commands used in various situations:\n\nstart a working area (see also: git help tutorial)\n   clone     Clone a repository into a new directory\n   init      Create an empty Git repository or reinitialize an existing one\n\nwork on the current change (see also: git help everyday)\n   add       Add file contents to the index\n   mv        Move or rename a file, a directory, or a symlink\n   restore   Restore working tree files\n   rm        Remove files from the working tree and from the index\n\nexamine the history and state (see also: git help revisions)\n   bisect    Use binary search to find the commit that introduced a bug\n   diff      Show changes between commits, commit and working tree, etc\n   grep      Print lines matching a pattern\n   log       Show commit logs\n   show      Show various types of objects\n   status    Show the working tree status\n\ngrow, mark and tweak your common history\n   branch    List, create, or delete branches\n   commit    Record changes to the repository\n   merge     Join two or more development histories together\n   rebase    Reapply commits on top of another base tip\n   reset     Reset current HEAD to the specified state\n   switch    Switch branches\n   tag       Create, list, delete or verify a tag object signed with GPG\n\ncollaborate (see also: git help workflows)\n   fetch     Download objects and refs from another repository\n   pull      Fetch from and integrate with another repository or a local branch\n   push      Update remote refs along with associated objects\n\n'git help -a' and 'git help -g' list available subcommands and some\nconcept guides. See 'git help <command>' or 'git help <concept>'\nto read about a specific subcommand or concept.\nSee 'git help git' for an overview of the system.\n""
[0m17:11:07.194360 [debug] [MainThread]: STDERR: "b''"
[0m17:11:07.194535 [info ] [MainThread]:  - git [[32mOK found[0m]

[0m17:11:07.194685 [info ] [MainThread]: Connection test skipped since no profile was found
[0m17:11:07.194896 [info ] [MainThread]: [31m2 checks failed:[0m
[0m17:11:07.195017 [info ] [MainThread]: dbt looked for a profiles.yml file in /Users/hwickramaara/.dbt/profiles.yml, but did
not find one. For more information on configuring your profile, consult the
documentation:

https://docs.getdbt.com/docs/configure-your-profile


[0m17:11:07.195141 [info ] [MainThread]: Project loading failed for the following reason:
 project path </Users/hwickramaara/Desktop/dbt/course/dbt_project.yml> not found

[0m17:11:07.195607 [debug] [MainThread]: Resource report: {"command_name": "debug", "command_success": false, "command_wall_clock_time": 0.098283164, "process_in_blocks": "0", "process_kernel_time": 0.152729, "process_mem_max_rss": "107528192", "process_out_blocks": "0", "process_user_time": 0.708947}
[0m17:11:07.196061 [debug] [MainThread]: Command `dbt debug` failed at 17:11:07.195955 after 0.10 seconds
[0m17:11:07.196361 [debug] [MainThread]: Sending event: {'category': 'dbt', 'action': 'invocation', 'label': 'end', 'context': [<snowplow_tracker.self_describing_json.SelfDescribingJson object at 0x1077db100>, <snowplow_tracker.self_describing_json.SelfDescribingJson object at 0x1076ab530>, <snowplow_tracker.self_describing_json.SelfDescribingJson object at 0x1078b86b0>]}
[0m17:11:07.196643 [debug] [MainThread]: Flushing usage events
[0m17:11:08.360352 [debug] [MainThread]: An error was encountered while trying to flush usage events
[0m17:13:27.196328 [debug] [MainThread]: Sending event: {'category': 'dbt', 'action': 'invocation', 'label': 'start', 'context': [<snowplow_tracker.self_describing_json.SelfDescribingJson object at 0x10621f0e0>, <snowplow_tracker.self_describing_json.SelfDescribingJson object at 0x10781b610>, <snowplow_tracker.self_describing_json.SelfDescribingJson object at 0x10781b750>]}


============================== 17:13:27.199318 | de3d45b7-8ba0-4af8-80f5-c6f9f19dc601 ==============================
[0m17:13:27.199318 [info ] [MainThread]: Running with dbt=1.11.2
[0m17:13:27.199640 [debug] [MainThread]: running dbt with arguments {'warn_error_options': 'WarnErrorOptionsV2(error=[], warn=[], silence=[])', 'send_anonymous_usage_stats': 'True', 'indirect_selection': 'eager', 'fail_fast': 'False', 'version_check': 'True', 'use_experimental_parser': 'False', 'debug': 'False', 'log_format': 'default', 'log_path': 'logs', 'log_cache_events': 'False', 'profiles_dir': '/Users/hwickramaara/.dbt', 'use_colors': 'True', 'no_print': 'None', 'partial_parse': 'True', 'warn_error': 'None', 'invocation_command': 'dbt debug', 'empty': 'None', 'write_json': 'True', 'quiet': 'False', 'target_path': 'None', 'printer_width': '80', 'static_parser': 'True', 'cache_selected_only': 'False', 'introspect': 'True'}
[0m17:13:27.209671 [info ] [MainThread]: dbt version: 1.11.2
[0m17:13:27.209900 [info ] [MainThread]: python version: 3.13.12
[0m17:13:27.210037 [info ] [MainThread]: python path: /Users/hwickramaara/Desktop/dbt/course/.venv/bin/python
[0m17:13:27.210162 [info ] [MainThread]: os info: macOS-15.7.4-arm64-arm-64bit-Mach-O
[0m17:13:27.210322 [info ] [MainThread]: Using profiles dir at /Users/hwickramaara/.dbt
[0m17:13:27.210496 [info ] [MainThread]: Using profiles.yml file at /Users/hwickramaara/.dbt/profiles.yml
[0m17:13:27.210623 [info ] [MainThread]: Using dbt_project.yml file at /Users/hwickramaara/Desktop/dbt/course/dbt_project.yml
[0m17:13:27.210751 [info ] [MainThread]: Configuration:
[0m17:13:27.210866 [info ] [MainThread]:   profiles.yml file [[31mERROR not found[0m]
[0m17:13:27.211033 [info ] [MainThread]:   dbt_project.yml file [[31mERROR not found[0m]
[0m17:13:27.211163 [info ] [MainThread]: Required dependencies:
[0m17:13:27.211344 [debug] [MainThread]: Executing "git --help"
[0m17:13:27.228003 [debug] [MainThread]: STDOUT: "b"usage: git [-v | --version] [-h | --help] [-C <path>] [-c <name>=<value>]\n           [--exec-path[=<path>]] [--html-path] [--man-path] [--info-path]\n           [-p | --paginate | -P | --no-pager] [--no-replace-objects] [--bare]\n           [--git-dir=<path>] [--work-tree=<path>] [--namespace=<name>]\n           [--config-env=<name>=<envvar>] <command> [<args>]\n\nThese are common Git commands used in various situations:\n\nstart a working area (see also: git help tutorial)\n   clone     Clone a repository into a new directory\n   init      Create an empty Git repository or reinitialize an existing one\n\nwork on the current change (see also: git help everyday)\n   add       Add file contents to the index\n   mv        Move or rename a file, a directory, or a symlink\n   restore   Restore working tree files\n   rm        Remove files from the working tree and from the index\n\nexamine the history and state (see also: git help revisions)\n   bisect    Use binary search to find the commit that introduced a bug\n   diff      Show changes between commits, commit and working tree, etc\n   grep      Print lines matching a pattern\n   log       Show commit logs\n   show      Show various types of objects\n   status    Show the working tree status\n\ngrow, mark and tweak your common history\n   branch    List, create, or delete branches\n   commit    Record changes to the repository\n   merge     Join two or more development histories together\n   rebase    Reapply commits on top of another base tip\n   reset     Reset current HEAD to the specified state\n   switch    Switch branches\n   tag       Create, list, delete or verify a tag object signed with GPG\n\ncollaborate (see also: git help workflows)\n   fetch     Download objects and refs from another repository\n   pull      Fetch from and integrate with another repository or a local branch\n   push      Update remote refs along with associated objects\n\n'git help -a' and 'git help -g' list available subcommands and some\nconcept guides. See 'git help <command>' or 'git help <concept>'\nto read about a specific subcommand or concept.\nSee 'git help git' for an overview of the system.\n""
[0m17:13:27.228572 [debug] [MainThread]: STDERR: "b''"
[0m17:13:27.228745 [info ] [MainThread]:  - git [[32mOK found[0m]

[0m17:13:27.229020 [info ] [MainThread]: Connection test skipped since no profile was found
[0m17:13:27.229336 [info ] [MainThread]: [31m2 checks failed:[0m
[0m17:13:27.229493 [info ] [MainThread]: dbt looked for a profiles.yml file in /Users/hwickramaara/.dbt/profiles.yml, but did
not find one. For more information on configuring your profile, consult the
documentation:

https://docs.getdbt.com/docs/configure-your-profile


[0m17:13:27.229626 [info ] [MainThread]: Project loading failed for the following reason:
 project path </Users/hwickramaara/Desktop/dbt/course/dbt_project.yml> not found

[0m17:13:27.230091 [debug] [MainThread]: Resource report: {"command_name": "debug", "command_success": false, "command_wall_clock_time": 0.08335783, "process_in_blocks": "0", "process_kernel_time": 0.14671, "process_mem_max_rss": "107806720", "process_out_blocks": "0", "process_user_time": 0.696452}
[0m17:13:27.230377 [debug] [MainThread]: Command `dbt debug` failed at 17:13:27.230318 after 0.08 seconds
[0m17:13:27.230638 [debug] [MainThread]: Sending event: {'category': 'dbt', 'action': 'invocation', 'label': 'end', 'context': [<snowplow_tracker.self_describing_json.SelfDescribingJson object at 0x10794c050>, <snowplow_tracker.self_describing_json.SelfDescribingJson object at 0x1076eb1d0>, <snowplow_tracker.self_describing_json.SelfDescribingJson object at 0x1078e06b0>]}
[0m17:13:27.230850 [debug] [MainThread]: Flushing usage events
[0m17:13:28.754621 [debug] [MainThread]: An error was encountered while trying to flush usage events
